{
  "stats": {
    "suites": 12,
    "tests": 41,
    "passes": 1,
    "pending": 0,
    "failures": 40,
    "start": "2022-08-02T18:21:35.716Z",
    "end": "2022-08-02T18:24:36.477Z",
    "duration": 180761,
    "testsRegistered": 41,
    "passPercent": 2.4390243902439024,
    "pendingPercent": 0,
    "other": 0,
    "hasOther": false,
    "skipped": 0,
    "hasSkipped": false
  },
  "results": [
    {
      "uuid": "c793e46f-64ce-442d-a4dc-f1ffa6f46e79",
      "title": "",
      "fullFile": "cypress/integration/project.spec.js",
      "file": "cypress/integration/project.spec.js",
      "beforeHooks": [],
      "afterHooks": [],
      "tests": [],
      "suites": [
        {
          "uuid": "60c5da04-cae2-4841-88d7-6d382cc90317",
          "title": "1 - Adicione à página o título \"Paleta de Cores\"",
          "fullFile": "",
          "file": "",
          "beforeHooks": [],
          "afterHooks": [],
          "tests": [
            {
              "title": "Verifica se contém um elemento `h1` com o id `title` com o título correto",
              "fullTitle": "1 - Adicione à página o título \"Paleta de Cores\" Verifica se contém um elemento `h1` com o id `title` com o título correto",
              "timedOut": null,
              "duration": 247,
              "state": "passed",
              "speed": "slow",
              "pass": true,
              "fail": false,
              "pending": false,
              "context": null,
              "code": "cy.get('h1#title').should('contain.text', 'Paleta de Cores');",
              "err": {},
              "uuid": "5c6adf10-e51a-495d-8c80-4249e73b3d61",
              "parentUUID": "60c5da04-cae2-4841-88d7-6d382cc90317",
              "isHook": false,
              "skipped": false
            }
          ],
          "suites": [],
          "passes": [
            "5c6adf10-e51a-495d-8c80-4249e73b3d61"
          ],
          "failures": [],
          "pending": [],
          "skipped": [],
          "duration": 247,
          "root": false,
          "rootEmpty": false,
          "_timeout": 2000
        },
        {
          "uuid": "df249506-9b61-4a3d-9ca4-e52876353cad",
          "title": "2 - Adicione à página uma paleta contendo quatro cores distintas",
          "fullFile": "",
          "file": "",
          "beforeHooks": [],
          "afterHooks": [],
          "tests": [
            {
              "title": "A paleta de cores deve ser um elemento com `id` denominado `color-palette` e ter mais de 0px de altura e de largura.",
              "fullTitle": "2 - Adicione à página uma paleta contendo quatro cores distintas A paleta de cores deve ser um elemento com `id` denominado `color-palette` e ter mais de 0px de altura e de largura.",
              "timedOut": null,
              "duration": 4492,
              "state": "failed",
              "speed": null,
              "pass": false,
              "fail": true,
              "pending": false,
              "context": null,
              "code": "cy.get('#color-palette').should('be.visible');\ncy.get('#color-palette').children('.color');",
              "err": {
                "message": "CypressError: Timed out retrying: Expected to find element: '#color-palette', but never found it.",
                "estack": "CypressError: Timed out retrying: Expected to find element: '#color-palette', but never found it.\n    at cypressErr (http://localhost:41705/__cypress/runner/cypress_runner.js:149934:9)\n    at throwErr (http://localhost:41705/__cypress/runner/cypress_runner.js:149867:11)\n    at Object.throwErrByPath (http://localhost:41705/__cypress/runner/cypress_runner.js:149915:3)\n    at retry (http://localhost:41705/__cypress/runner/cypress_runner.js:144197:19)\n    at onFailFn (http://localhost:41705/__cypress/runner/cypress_runner.js:132448:16)\n    at tryCatcher (http://localhost:41705/__cypress/runner/cypress_runner.js:167415:23)\n    at Promise._settlePromiseFromHandler (http://localhost:41705/__cypress/runner/cypress_runner.js:165351:31)\n    at Promise._settlePromise (http://localhost:41705/__cypress/runner/cypress_runner.js:165408:18)\n    at Promise._settlePromise0 (http://localhost:41705/__cypress/runner/cypress_runner.js:165453:10)\n    at Promise._settlePromises (http://localhost:41705/__cypress/runner/cypress_runner.js:165528:18)\n    at Async../node_modules/bluebird/js/release/async.js.Async._drainQueue (http://localhost:41705/__cypress/runner/cypress_runner.js:162140:16)\n    at Async../node_modules/bluebird/js/release/async.js.Async._drainQueues (http://localhost:41705/__cypress/runner/cypress_runner.js:162150:10)\n    at Async.drainQueues (http://localhost:41705/__cypress/runner/cypress_runner.js:162024:14)",
                "diff": null
              },
              "uuid": "78639506-c2b4-45f5-89fa-e7aeb8d25afb",
              "parentUUID": "df249506-9b61-4a3d-9ca4-e52876353cad",
              "isHook": false,
              "skipped": false
            },
            {
              "title": "Verifica se cada cor individual da paleta de cores possui a `classe` chamada `color`.",
              "fullTitle": "2 - Adicione à página uma paleta contendo quatro cores distintas Verifica se cada cor individual da paleta de cores possui a `classe` chamada `color`.",
              "timedOut": null,
              "duration": 4414,
              "state": "failed",
              "speed": null,
              "pass": false,
              "fail": true,
              "pending": false,
              "context": null,
              "code": "cy.get('.color').should('have.length', 4).then(function (colors) {\n  for (var i = 0; i < colors.length; i++) {\n    cy.wrap(colors[i]).should('be.visible');\n  }\n});",
              "err": {
                "message": "CypressError: Timed out retrying: Expected to find element: '.color', but never found it.",
                "estack": "CypressError: Timed out retrying: Expected to find element: '.color', but never found it.\n    at cypressErr (http://localhost:41705/__cypress/runner/cypress_runner.js:149934:9)\n    at throwErr (http://localhost:41705/__cypress/runner/cypress_runner.js:149867:11)\n    at Object.throwErrByPath (http://localhost:41705/__cypress/runner/cypress_runner.js:149915:3)\n    at retry (http://localhost:41705/__cypress/runner/cypress_runner.js:144197:19)\n    at onFailFn (http://localhost:41705/__cypress/runner/cypress_runner.js:132448:16)\n    at tryCatcher (http://localhost:41705/__cypress/runner/cypress_runner.js:167415:23)\n    at Promise._settlePromiseFromHandler (http://localhost:41705/__cypress/runner/cypress_runner.js:165351:31)\n    at Promise._settlePromise (http://localhost:41705/__cypress/runner/cypress_runner.js:165408:18)\n    at Promise._settlePromise0 (http://localhost:41705/__cypress/runner/cypress_runner.js:165453:10)\n    at Promise._settlePromises (http://localhost:41705/__cypress/runner/cypress_runner.js:165528:18)\n    at Async../node_modules/bluebird/js/release/async.js.Async._drainQueue (http://localhost:41705/__cypress/runner/cypress_runner.js:162140:16)\n    at Async../node_modules/bluebird/js/release/async.js.Async._drainQueues (http://localhost:41705/__cypress/runner/cypress_runner.js:162150:10)\n    at Async.drainQueues (http://localhost:41705/__cypress/runner/cypress_runner.js:162024:14)",
                "diff": null
              },
              "uuid": "e8b6f204-a898-4387-af8d-c2ad9835b1a0",
              "parentUUID": "df249506-9b61-4a3d-9ca4-e52876353cad",
              "isHook": false,
              "skipped": false
            },
            {
              "title": "Verifica se a cor de fundo de cada elemento da paleta é a cor que o elemento representa. **A única cor não permitida na paleta é a cor branca.**",
              "fullTitle": "2 - Adicione à página uma paleta contendo quatro cores distintas Verifica se a cor de fundo de cada elemento da paleta é a cor que o elemento representa. **A única cor não permitida na paleta é a cor branca.**",
              "timedOut": null,
              "duration": 4495,
              "state": "failed",
              "speed": null,
              "pass": false,
              "fail": true,
              "pending": false,
              "context": null,
              "code": "cy.get('.color').each(function (color) {\n  cy.wrap(color).should('have.class', 'color').and('not.have.css', 'background-color', WHITE);\n  cy.wrap(color).should('have.css', 'background-color');\n});",
              "err": {
                "message": "CypressError: Timed out retrying: Expected to find element: '.color', but never found it.",
                "estack": "CypressError: Timed out retrying: Expected to find element: '.color', but never found it.\n    at cypressErr (http://localhost:41705/__cypress/runner/cypress_runner.js:149934:9)\n    at throwErr (http://localhost:41705/__cypress/runner/cypress_runner.js:149867:11)\n    at Object.throwErrByPath (http://localhost:41705/__cypress/runner/cypress_runner.js:149915:3)\n    at retry (http://localhost:41705/__cypress/runner/cypress_runner.js:144197:19)\n    at onFailFn (http://localhost:41705/__cypress/runner/cypress_runner.js:132448:16)\n    at tryCatcher (http://localhost:41705/__cypress/runner/cypress_runner.js:167415:23)\n    at Promise._settlePromiseFromHandler (http://localhost:41705/__cypress/runner/cypress_runner.js:165351:31)\n    at Promise._settlePromise (http://localhost:41705/__cypress/runner/cypress_runner.js:165408:18)\n    at Promise._settlePromise0 (http://localhost:41705/__cypress/runner/cypress_runner.js:165453:10)\n    at Promise._settlePromises (http://localhost:41705/__cypress/runner/cypress_runner.js:165528:18)\n    at Async../node_modules/bluebird/js/release/async.js.Async._drainQueue (http://localhost:41705/__cypress/runner/cypress_runner.js:162140:16)\n    at Async../node_modules/bluebird/js/release/async.js.Async._drainQueues (http://localhost:41705/__cypress/runner/cypress_runner.js:162150:10)\n    at Async.drainQueues (http://localhost:41705/__cypress/runner/cypress_runner.js:162024:14)",
                "diff": null
              },
              "uuid": "136134df-e4a1-48c8-a272-3b5f8a0398f4",
              "parentUUID": "df249506-9b61-4a3d-9ca4-e52876353cad",
              "isHook": false,
              "skipped": false
            },
            {
              "title": "Verifica se cada elemento da paleta de cores tem uma borda preta, sólida e com 1 pixel de largura;",
              "fullTitle": "2 - Adicione à página uma paleta contendo quatro cores distintas Verifica se cada elemento da paleta de cores tem uma borda preta, sólida e com 1 pixel de largura;",
              "timedOut": null,
              "duration": 4429,
              "state": "failed",
              "speed": null,
              "pass": false,
              "fail": true,
              "pending": false,
              "context": null,
              "code": "cy.get('.color').each(function (color) {\n  cy.wrap(color).and('have.css', 'border', \"1px solid \".concat(BLACK)).and('have.class', 'color');\n});",
              "err": {
                "message": "CypressError: Timed out retrying: Expected to find element: '.color', but never found it.",
                "estack": "CypressError: Timed out retrying: Expected to find element: '.color', but never found it.\n    at cypressErr (http://localhost:41705/__cypress/runner/cypress_runner.js:149934:9)\n    at throwErr (http://localhost:41705/__cypress/runner/cypress_runner.js:149867:11)\n    at Object.throwErrByPath (http://localhost:41705/__cypress/runner/cypress_runner.js:149915:3)\n    at retry (http://localhost:41705/__cypress/runner/cypress_runner.js:144197:19)\n    at onFailFn (http://localhost:41705/__cypress/runner/cypress_runner.js:132448:16)\n    at tryCatcher (http://localhost:41705/__cypress/runner/cypress_runner.js:167415:23)\n    at Promise._settlePromiseFromHandler (http://localhost:41705/__cypress/runner/cypress_runner.js:165351:31)\n    at Promise._settlePromise (http://localhost:41705/__cypress/runner/cypress_runner.js:165408:18)\n    at Promise._settlePromise0 (http://localhost:41705/__cypress/runner/cypress_runner.js:165453:10)\n    at Promise._settlePromises (http://localhost:41705/__cypress/runner/cypress_runner.js:165528:18)\n    at Async../node_modules/bluebird/js/release/async.js.Async._drainQueue (http://localhost:41705/__cypress/runner/cypress_runner.js:162140:16)\n    at Async../node_modules/bluebird/js/release/async.js.Async._drainQueues (http://localhost:41705/__cypress/runner/cypress_runner.js:162150:10)\n    at Async.drainQueues (http://localhost:41705/__cypress/runner/cypress_runner.js:162024:14)",
                "diff": null
              },
              "uuid": "c247101c-5731-416c-aa1e-387b0ab01f91",
              "parentUUID": "df249506-9b61-4a3d-9ca4-e52876353cad",
              "isHook": false,
              "skipped": false
            },
            {
              "title": "Verifica se a paleta lista todas as cores disponíveis para utilização, lado a lado.",
              "fullTitle": "2 - Adicione à página uma paleta contendo quatro cores distintas Verifica se a paleta lista todas as cores disponíveis para utilização, lado a lado.",
              "timedOut": null,
              "duration": 4496,
              "state": "failed",
              "speed": null,
              "pass": false,
              "fail": true,
              "pending": false,
              "context": null,
              "code": "cy.get('.color').then(function (colors) {\n  for (var index = 1; index < colors.length; index += 1) {\n    var currentColor = colors[index];\n    var previousColor = colors[index - 1];\n    cy.wrap(currentColor).should('be.onTheRightOf', previousColor).and('be.horizontallyAlignedWith', previousColor);\n  }\n});",
              "err": {
                "message": "CypressError: Timed out retrying: Expected to find element: '.color', but never found it.",
                "estack": "CypressError: Timed out retrying: Expected to find element: '.color', but never found it.\n    at cypressErr (http://localhost:41705/__cypress/runner/cypress_runner.js:149934:9)\n    at throwErr (http://localhost:41705/__cypress/runner/cypress_runner.js:149867:11)\n    at Object.throwErrByPath (http://localhost:41705/__cypress/runner/cypress_runner.js:149915:3)\n    at retry (http://localhost:41705/__cypress/runner/cypress_runner.js:144197:19)\n    at onFailFn (http://localhost:41705/__cypress/runner/cypress_runner.js:132448:16)\n    at tryCatcher (http://localhost:41705/__cypress/runner/cypress_runner.js:167415:23)\n    at Promise._settlePromiseFromHandler (http://localhost:41705/__cypress/runner/cypress_runner.js:165351:31)\n    at Promise._settlePromise (http://localhost:41705/__cypress/runner/cypress_runner.js:165408:18)\n    at Promise._settlePromise0 (http://localhost:41705/__cypress/runner/cypress_runner.js:165453:10)\n    at Promise._settlePromises (http://localhost:41705/__cypress/runner/cypress_runner.js:165528:18)\n    at Async../node_modules/bluebird/js/release/async.js.Async._drainQueue (http://localhost:41705/__cypress/runner/cypress_runner.js:162140:16)\n    at Async../node_modules/bluebird/js/release/async.js.Async._drainQueues (http://localhost:41705/__cypress/runner/cypress_runner.js:162150:10)\n    at Async.drainQueues (http://localhost:41705/__cypress/runner/cypress_runner.js:162024:14)",
                "diff": null
              },
              "uuid": "3fb23b89-2fe2-4b5e-a68c-c0540a8d0d1a",
              "parentUUID": "df249506-9b61-4a3d-9ca4-e52876353cad",
              "isHook": false,
              "skipped": false
            },
            {
              "title": "Verifica se a paleta de cores está posicionada abaixo do título 'Paleta de Cores'",
              "fullTitle": "2 - Adicione à página uma paleta contendo quatro cores distintas Verifica se a paleta de cores está posicionada abaixo do título 'Paleta de Cores'",
              "timedOut": null,
              "duration": 4440,
              "state": "failed",
              "speed": null,
              "pass": false,
              "fail": true,
              "pending": false,
              "context": null,
              "code": "cy.get('h1#title').then(function (title) {\n  cy.get('#color-palette').should('be.belowOf', title);\n});",
              "err": {
                "message": "CypressError: Timed out retrying: Expected to find element: '#color-palette', but never found it.",
                "estack": "CypressError: Timed out retrying: Expected to find element: '#color-palette', but never found it.\n    at cypressErr (http://localhost:41705/__cypress/runner/cypress_runner.js:149934:9)\n    at throwErr (http://localhost:41705/__cypress/runner/cypress_runner.js:149867:11)\n    at Object.throwErrByPath (http://localhost:41705/__cypress/runner/cypress_runner.js:149915:3)\n    at retry (http://localhost:41705/__cypress/runner/cypress_runner.js:144197:19)\n    at onFailFn (http://localhost:41705/__cypress/runner/cypress_runner.js:132448:16)\n    at tryCatcher (http://localhost:41705/__cypress/runner/cypress_runner.js:167415:23)\n    at Promise._settlePromiseFromHandler (http://localhost:41705/__cypress/runner/cypress_runner.js:165351:31)\n    at Promise._settlePromise (http://localhost:41705/__cypress/runner/cypress_runner.js:165408:18)\n    at Promise._settlePromise0 (http://localhost:41705/__cypress/runner/cypress_runner.js:165453:10)\n    at Promise._settlePromises (http://localhost:41705/__cypress/runner/cypress_runner.js:165528:18)\n    at Async../node_modules/bluebird/js/release/async.js.Async._drainQueue (http://localhost:41705/__cypress/runner/cypress_runner.js:162140:16)\n    at Async../node_modules/bluebird/js/release/async.js.Async._drainQueues (http://localhost:41705/__cypress/runner/cypress_runner.js:162150:10)\n    at Async.drainQueues (http://localhost:41705/__cypress/runner/cypress_runner.js:162024:14)",
                "diff": null
              },
              "uuid": "0b12f0c9-3523-4f1a-b35c-8632925a9aeb",
              "parentUUID": "df249506-9b61-4a3d-9ca4-e52876353cad",
              "isHook": false,
              "skipped": false
            },
            {
              "title": "Verifica se a paleta de cores não contém cores repetidas.",
              "fullTitle": "2 - Adicione à página uma paleta contendo quatro cores distintas Verifica se a paleta de cores não contém cores repetidas.",
              "timedOut": null,
              "duration": 4436,
              "state": "failed",
              "speed": null,
              "pass": false,
              "fail": true,
              "pending": false,
              "context": null,
              "code": "cy.get('.color').then(function (colors) {\n  var allColors = Array.from(colors).map(function (color) {\n    return Cypress.$(color).css('background-color');\n  });\n  cy.log(allColors);\n  var uniqColors = (0, _toConsumableArray2[\"default\"])(new Set(allColors));\n  cy.log(uniqColors);\n  expect(allColors.length).to.eq(uniqColors.length);\n});",
              "err": {
                "message": "CypressError: Timed out retrying: Expected to find element: '.color', but never found it.",
                "estack": "CypressError: Timed out retrying: Expected to find element: '.color', but never found it.\n    at cypressErr (http://localhost:41705/__cypress/runner/cypress_runner.js:149934:9)\n    at throwErr (http://localhost:41705/__cypress/runner/cypress_runner.js:149867:11)\n    at Object.throwErrByPath (http://localhost:41705/__cypress/runner/cypress_runner.js:149915:3)\n    at retry (http://localhost:41705/__cypress/runner/cypress_runner.js:144197:19)\n    at onFailFn (http://localhost:41705/__cypress/runner/cypress_runner.js:132448:16)\n    at tryCatcher (http://localhost:41705/__cypress/runner/cypress_runner.js:167415:23)\n    at Promise._settlePromiseFromHandler (http://localhost:41705/__cypress/runner/cypress_runner.js:165351:31)\n    at Promise._settlePromise (http://localhost:41705/__cypress/runner/cypress_runner.js:165408:18)\n    at Promise._settlePromise0 (http://localhost:41705/__cypress/runner/cypress_runner.js:165453:10)\n    at Promise._settlePromises (http://localhost:41705/__cypress/runner/cypress_runner.js:165528:18)\n    at Async../node_modules/bluebird/js/release/async.js.Async._drainQueue (http://localhost:41705/__cypress/runner/cypress_runner.js:162140:16)\n    at Async../node_modules/bluebird/js/release/async.js.Async._drainQueues (http://localhost:41705/__cypress/runner/cypress_runner.js:162150:10)\n    at Async.drainQueues (http://localhost:41705/__cypress/runner/cypress_runner.js:162024:14)",
                "diff": null
              },
              "uuid": "4c0fe47e-6d28-4046-95cd-3989a6f47fa6",
              "parentUUID": "df249506-9b61-4a3d-9ca4-e52876353cad",
              "isHook": false,
              "skipped": false
            }
          ],
          "suites": [],
          "passes": [],
          "failures": [
            "78639506-c2b4-45f5-89fa-e7aeb8d25afb",
            "e8b6f204-a898-4387-af8d-c2ad9835b1a0",
            "136134df-e4a1-48c8-a272-3b5f8a0398f4",
            "c247101c-5731-416c-aa1e-387b0ab01f91",
            "3fb23b89-2fe2-4b5e-a68c-c0540a8d0d1a",
            "0b12f0c9-3523-4f1a-b35c-8632925a9aeb",
            "4c0fe47e-6d28-4046-95cd-3989a6f47fa6"
          ],
          "pending": [],
          "skipped": [],
          "duration": 31202,
          "root": false,
          "rootEmpty": false,
          "_timeout": 2000
        },
        {
          "uuid": "564e9f15-a7bf-4087-9ed7-2dfd4946c521",
          "title": "3 - Adicione a cor **preta** como a primeira cor da paleta de cores",
          "fullFile": "",
          "file": "",
          "beforeHooks": [],
          "afterHooks": [],
          "tests": [
            {
              "title": "Verifica se a primeira cor da paleta é preta",
              "fullTitle": "3 - Adicione a cor **preta** como a primeira cor da paleta de cores Verifica se a primeira cor da paleta é preta",
              "timedOut": null,
              "duration": 4461,
              "state": "failed",
              "speed": null,
              "pass": false,
              "fail": true,
              "pending": false,
              "context": null,
              "code": "cy.get('.color').first().should('have.css', 'background-color', BLACK);",
              "err": {
                "message": "CypressError: Timed out retrying: Expected to find element: '.color', but never found it.",
                "estack": "CypressError: Timed out retrying: Expected to find element: '.color', but never found it.\n    at cypressErr (http://localhost:41705/__cypress/runner/cypress_runner.js:149934:9)\n    at throwErr (http://localhost:41705/__cypress/runner/cypress_runner.js:149867:11)\n    at Object.throwErrByPath (http://localhost:41705/__cypress/runner/cypress_runner.js:149915:3)\n    at retry (http://localhost:41705/__cypress/runner/cypress_runner.js:144197:19)\n    at onFailFn (http://localhost:41705/__cypress/runner/cypress_runner.js:132448:16)\n    at tryCatcher (http://localhost:41705/__cypress/runner/cypress_runner.js:167415:23)\n    at Promise._settlePromiseFromHandler (http://localhost:41705/__cypress/runner/cypress_runner.js:165351:31)\n    at Promise._settlePromise (http://localhost:41705/__cypress/runner/cypress_runner.js:165408:18)\n    at Promise._settlePromise0 (http://localhost:41705/__cypress/runner/cypress_runner.js:165453:10)\n    at Promise._settlePromises (http://localhost:41705/__cypress/runner/cypress_runner.js:165528:18)\n    at Async../node_modules/bluebird/js/release/async.js.Async._drainQueue (http://localhost:41705/__cypress/runner/cypress_runner.js:162140:16)\n    at Async../node_modules/bluebird/js/release/async.js.Async._drainQueues (http://localhost:41705/__cypress/runner/cypress_runner.js:162150:10)\n    at Async.drainQueues (http://localhost:41705/__cypress/runner/cypress_runner.js:162024:14)",
                "diff": null
              },
              "uuid": "83dbfd4f-c710-4d09-a3ed-1a13852535cf",
              "parentUUID": "564e9f15-a7bf-4087-9ed7-2dfd4946c521",
              "isHook": false,
              "skipped": false
            },
            {
              "title": "Verifica se as demais cores podem ser escolhidas livremente.",
              "fullTitle": "3 - Adicione a cor **preta** como a primeira cor da paleta de cores Verifica se as demais cores podem ser escolhidas livremente.",
              "timedOut": null,
              "duration": 4416,
              "state": "failed",
              "speed": null,
              "pass": false,
              "fail": true,
              "pending": false,
              "context": null,
              "code": "cy.get('.color').eq(1).should('not.have.css', 'background-color', BLACK);\ncy.get('.color').eq(1).should('not.have.css', 'background-color', WHITE);\ncy.get('.color').eq(1).should('not.have.css', 'background-color', 'rgba(0, 0, 0, 0)');\ncy.get('.color').eq(1).should('have.css', 'background-color');\ncy.get('.color').eq(2).should('not.have.css', 'background-color', BLACK);\ncy.get('.color').eq(2).should('not.have.css', 'background-color', WHITE);\ncy.get('.color').eq(2).should('not.have.css', 'background-color', 'rgba(0, 0, 0, 0)');\ncy.get('.color').eq(2).should('have.css', 'background-color');\ncy.get('.color').eq(3).should('not.have.css', 'background-color', BLACK);\ncy.get('.color').eq(3).should('not.have.css', 'background-color', WHITE);\ncy.get('.color').eq(3).should('not.have.css', 'background-color', 'rgba(0, 0, 0, 0)');\ncy.get('.color').eq(3).should('have.css', 'background-color');",
              "err": {
                "message": "CypressError: Timed out retrying: Expected to find element: '.color', but never found it.",
                "estack": "CypressError: Timed out retrying: Expected to find element: '.color', but never found it.\n    at cypressErr (http://localhost:41705/__cypress/runner/cypress_runner.js:149934:9)\n    at throwErr (http://localhost:41705/__cypress/runner/cypress_runner.js:149867:11)\n    at Object.throwErrByPath (http://localhost:41705/__cypress/runner/cypress_runner.js:149915:3)\n    at retry (http://localhost:41705/__cypress/runner/cypress_runner.js:144197:19)\n    at onFailFn (http://localhost:41705/__cypress/runner/cypress_runner.js:132448:16)\n    at tryCatcher (http://localhost:41705/__cypress/runner/cypress_runner.js:167415:23)\n    at Promise._settlePromiseFromHandler (http://localhost:41705/__cypress/runner/cypress_runner.js:165351:31)\n    at Promise._settlePromise (http://localhost:41705/__cypress/runner/cypress_runner.js:165408:18)\n    at Promise._settlePromise0 (http://localhost:41705/__cypress/runner/cypress_runner.js:165453:10)\n    at Promise._settlePromises (http://localhost:41705/__cypress/runner/cypress_runner.js:165528:18)\n    at Async../node_modules/bluebird/js/release/async.js.Async._drainQueue (http://localhost:41705/__cypress/runner/cypress_runner.js:162140:16)\n    at Async../node_modules/bluebird/js/release/async.js.Async._drainQueues (http://localhost:41705/__cypress/runner/cypress_runner.js:162150:10)\n    at Async.drainQueues (http://localhost:41705/__cypress/runner/cypress_runner.js:162024:14)",
                "diff": null
              },
              "uuid": "5f72dbb4-ee91-4294-9af9-95d3724b5086",
              "parentUUID": "564e9f15-a7bf-4087-9ed7-2dfd4946c521",
              "isHook": false,
              "skipped": false
            }
          ],
          "suites": [],
          "passes": [],
          "failures": [
            "83dbfd4f-c710-4d09-a3ed-1a13852535cf",
            "5f72dbb4-ee91-4294-9af9-95d3724b5086"
          ],
          "pending": [],
          "skipped": [],
          "duration": 8877,
          "root": false,
          "rootEmpty": false,
          "_timeout": 2000
        },
        {
          "uuid": "fafbc97b-d045-47cf-b09c-582266a4940b",
          "title": "4 - Adicione à página um quadro contendo 25 pixels",
          "fullFile": "",
          "file": "",
          "beforeHooks": [],
          "afterHooks": [],
          "tests": [
            {
              "title": "Verifica se o quadro de pixels possui o `id` denominado `pixel-board`",
              "fullTitle": "4 - Adicione à página um quadro contendo 25 pixels Verifica se o quadro de pixels possui o `id` denominado `pixel-board`",
              "timedOut": null,
              "duration": 4577,
              "state": "failed",
              "speed": null,
              "pass": false,
              "fail": true,
              "pending": false,
              "context": null,
              "code": "cy.get('#pixel-board').should('be.visible');",
              "err": {
                "message": "CypressError: Timed out retrying: Expected to find element: '#pixel-board', but never found it.",
                "estack": "CypressError: Timed out retrying: Expected to find element: '#pixel-board', but never found it.\n    at cypressErr (http://localhost:41705/__cypress/runner/cypress_runner.js:149934:9)\n    at throwErr (http://localhost:41705/__cypress/runner/cypress_runner.js:149867:11)\n    at Object.throwErrByPath (http://localhost:41705/__cypress/runner/cypress_runner.js:149915:3)\n    at retry (http://localhost:41705/__cypress/runner/cypress_runner.js:144197:19)\n    at onFailFn (http://localhost:41705/__cypress/runner/cypress_runner.js:132448:16)\n    at tryCatcher (http://localhost:41705/__cypress/runner/cypress_runner.js:167415:23)\n    at Promise._settlePromiseFromHandler (http://localhost:41705/__cypress/runner/cypress_runner.js:165351:31)\n    at Promise._settlePromise (http://localhost:41705/__cypress/runner/cypress_runner.js:165408:18)\n    at Promise._settlePromise0 (http://localhost:41705/__cypress/runner/cypress_runner.js:165453:10)\n    at Promise._settlePromises (http://localhost:41705/__cypress/runner/cypress_runner.js:165528:18)\n    at Async../node_modules/bluebird/js/release/async.js.Async._drainQueue (http://localhost:41705/__cypress/runner/cypress_runner.js:162140:16)\n    at Async../node_modules/bluebird/js/release/async.js.Async._drainQueues (http://localhost:41705/__cypress/runner/cypress_runner.js:162150:10)\n    at Async.drainQueues (http://localhost:41705/__cypress/runner/cypress_runner.js:162024:14)",
                "diff": null
              },
              "uuid": "34b0bd24-212e-4a19-a501-97a822f485a8",
              "parentUUID": "fafbc97b-d045-47cf-b09c-582266a4940b",
              "isHook": false,
              "skipped": false
            },
            {
              "title": "Verifica se cada pixel individual dentro do quadro possui a `classe` denominada `pixel`.",
              "fullTitle": "4 - Adicione à página um quadro contendo 25 pixels Verifica se cada pixel individual dentro do quadro possui a `classe` denominada `pixel`.",
              "timedOut": null,
              "duration": 4401,
              "state": "failed",
              "speed": null,
              "pass": false,
              "fail": true,
              "pending": false,
              "context": null,
              "code": "cy.get('.pixel').should('have.length', 25);",
              "err": {
                "message": "CypressError: Timed out retrying: Expected to find element: '.pixel', but never found it.",
                "estack": "CypressError: Timed out retrying: Expected to find element: '.pixel', but never found it.\n    at cypressErr (http://localhost:41705/__cypress/runner/cypress_runner.js:149934:9)\n    at throwErr (http://localhost:41705/__cypress/runner/cypress_runner.js:149867:11)\n    at Object.throwErrByPath (http://localhost:41705/__cypress/runner/cypress_runner.js:149915:3)\n    at retry (http://localhost:41705/__cypress/runner/cypress_runner.js:144197:19)\n    at onFailFn (http://localhost:41705/__cypress/runner/cypress_runner.js:132448:16)\n    at tryCatcher (http://localhost:41705/__cypress/runner/cypress_runner.js:167415:23)\n    at Promise._settlePromiseFromHandler (http://localhost:41705/__cypress/runner/cypress_runner.js:165351:31)\n    at Promise._settlePromise (http://localhost:41705/__cypress/runner/cypress_runner.js:165408:18)\n    at Promise._settlePromise0 (http://localhost:41705/__cypress/runner/cypress_runner.js:165453:10)\n    at Promise._settlePromises (http://localhost:41705/__cypress/runner/cypress_runner.js:165528:18)\n    at Async../node_modules/bluebird/js/release/async.js.Async._drainQueue (http://localhost:41705/__cypress/runner/cypress_runner.js:162140:16)\n    at Async../node_modules/bluebird/js/release/async.js.Async._drainQueues (http://localhost:41705/__cypress/runner/cypress_runner.js:162150:10)\n    at Async.drainQueues (http://localhost:41705/__cypress/runner/cypress_runner.js:162024:14)",
                "diff": null
              },
              "uuid": "c74dea43-57ba-475f-baaa-9a54c597e817",
              "parentUUID": "fafbc97b-d045-47cf-b09c-582266a4940b",
              "isHook": false,
              "skipped": false
            },
            {
              "title": "Verifica se a cor inicial dos pixels dentro do quadro, ao abrir a página, é branca.",
              "fullTitle": "4 - Adicione à página um quadro contendo 25 pixels Verifica se a cor inicial dos pixels dentro do quadro, ao abrir a página, é branca.",
              "timedOut": null,
              "duration": 4435,
              "state": "failed",
              "speed": null,
              "pass": false,
              "fail": true,
              "pending": false,
              "context": null,
              "code": "cy.get('.pixel').should('have.length', 25).each(function (pixel) {\n  expect(pixel).to.have.css('background-color', WHITE);\n});",
              "err": {
                "message": "CypressError: Timed out retrying: Expected to find element: '.pixel', but never found it.",
                "estack": "CypressError: Timed out retrying: Expected to find element: '.pixel', but never found it.\n    at cypressErr (http://localhost:41705/__cypress/runner/cypress_runner.js:149934:9)\n    at throwErr (http://localhost:41705/__cypress/runner/cypress_runner.js:149867:11)\n    at Object.throwErrByPath (http://localhost:41705/__cypress/runner/cypress_runner.js:149915:3)\n    at retry (http://localhost:41705/__cypress/runner/cypress_runner.js:144197:19)\n    at onFailFn (http://localhost:41705/__cypress/runner/cypress_runner.js:132448:16)\n    at tryCatcher (http://localhost:41705/__cypress/runner/cypress_runner.js:167415:23)\n    at Promise._settlePromiseFromHandler (http://localhost:41705/__cypress/runner/cypress_runner.js:165351:31)\n    at Promise._settlePromise (http://localhost:41705/__cypress/runner/cypress_runner.js:165408:18)\n    at Promise._settlePromise0 (http://localhost:41705/__cypress/runner/cypress_runner.js:165453:10)\n    at Promise._settlePromises (http://localhost:41705/__cypress/runner/cypress_runner.js:165528:18)\n    at Async../node_modules/bluebird/js/release/async.js.Async._drainQueue (http://localhost:41705/__cypress/runner/cypress_runner.js:162140:16)\n    at Async../node_modules/bluebird/js/release/async.js.Async._drainQueues (http://localhost:41705/__cypress/runner/cypress_runner.js:162150:10)\n    at Async.drainQueues (http://localhost:41705/__cypress/runner/cypress_runner.js:162024:14)",
                "diff": null
              },
              "uuid": "4c714436-b9ea-4c82-b964-3c3d4274476f",
              "parentUUID": "fafbc97b-d045-47cf-b09c-582266a4940b",
              "isHook": false,
              "skipped": false
            },
            {
              "title": "Verifica se o quadro de pixels aparece abaixo da paleta de cores",
              "fullTitle": "4 - Adicione à página um quadro contendo 25 pixels Verifica se o quadro de pixels aparece abaixo da paleta de cores",
              "timedOut": null,
              "duration": 4439,
              "state": "failed",
              "speed": null,
              "pass": false,
              "fail": true,
              "pending": false,
              "context": null,
              "code": "cy.get('#color-palette').then(function (palette) {\n  cy.get('#pixel-board').should('be.belowOf', palette);\n});",
              "err": {
                "message": "CypressError: Timed out retrying: Expected to find element: '#color-palette', but never found it.",
                "estack": "CypressError: Timed out retrying: Expected to find element: '#color-palette', but never found it.\n    at cypressErr (http://localhost:41705/__cypress/runner/cypress_runner.js:149934:9)\n    at throwErr (http://localhost:41705/__cypress/runner/cypress_runner.js:149867:11)\n    at Object.throwErrByPath (http://localhost:41705/__cypress/runner/cypress_runner.js:149915:3)\n    at retry (http://localhost:41705/__cypress/runner/cypress_runner.js:144197:19)\n    at onFailFn (http://localhost:41705/__cypress/runner/cypress_runner.js:132448:16)\n    at tryCatcher (http://localhost:41705/__cypress/runner/cypress_runner.js:167415:23)\n    at Promise._settlePromiseFromHandler (http://localhost:41705/__cypress/runner/cypress_runner.js:165351:31)\n    at Promise._settlePromise (http://localhost:41705/__cypress/runner/cypress_runner.js:165408:18)\n    at Promise._settlePromise0 (http://localhost:41705/__cypress/runner/cypress_runner.js:165453:10)\n    at Promise._settlePromises (http://localhost:41705/__cypress/runner/cypress_runner.js:165528:18)\n    at Async../node_modules/bluebird/js/release/async.js.Async._drainQueue (http://localhost:41705/__cypress/runner/cypress_runner.js:162140:16)\n    at Async../node_modules/bluebird/js/release/async.js.Async._drainQueues (http://localhost:41705/__cypress/runner/cypress_runner.js:162150:10)\n    at Async.drainQueues (http://localhost:41705/__cypress/runner/cypress_runner.js:162024:14)",
                "diff": null
              },
              "uuid": "b4f85ff3-e291-41ab-8f3a-ff5a629913fa",
              "parentUUID": "fafbc97b-d045-47cf-b09c-582266a4940b",
              "isHook": false,
              "skipped": false
            }
          ],
          "suites": [],
          "passes": [],
          "failures": [
            "34b0bd24-212e-4a19-a501-97a822f485a8",
            "c74dea43-57ba-475f-baaa-9a54c597e817",
            "4c714436-b9ea-4c82-b964-3c3d4274476f",
            "b4f85ff3-e291-41ab-8f3a-ff5a629913fa"
          ],
          "pending": [],
          "skipped": [],
          "duration": 17852,
          "root": false,
          "rootEmpty": false,
          "_timeout": 2000
        },
        {
          "uuid": "f9a64bc3-d72b-4e94-bbab-f4f90e828087",
          "title": "5 - Faça com que cada elemento do quadro de pixels possua 40 pixels de largura, 40 pixels de altura e seja delimitado por uma borda preta de 1 pixel",
          "fullFile": "",
          "file": "",
          "beforeHooks": [],
          "afterHooks": [],
          "tests": [
            {
              "title": "Verifica se o quadro de pixels tem altura e comprimento de 5 elementos",
              "fullTitle": "5 - Faça com que cada elemento do quadro de pixels possua 40 pixels de largura, 40 pixels de altura e seja delimitado por uma borda preta de 1 pixel Verifica se o quadro de pixels tem altura e comprimento de 5 elementos",
              "timedOut": null,
              "duration": 4460,
              "state": "failed",
              "speed": null,
              "pass": false,
              "fail": true,
              "pending": false,
              "context": null,
              "code": "cy.get('.pixel').should('have.length', 25).each(function (pixel) {\n  expect(pixel).to.have.css('background-color', WHITE);\n}).and(function (pixels) {\n  var rows = chunk(pixels, 5);\n  rows.forEach(function (row) {\n    for (var index = 1; index < row.length; index += 1) {\n      var current = pixels[index];\n      var previous = pixels[index - 1];\n      cy.wrap(current).should('be.onTheRightOf', previous).and('be.horizontallyAlignedWith', previous);\n    }\n  });\n  for (var index = 1; index < 5; index += 1) {\n    expect(pixels[index * 5]).to.be.belowOf(pixels[(index - 1) * 5]);\n  }\n});",
              "err": {
                "message": "CypressError: Timed out retrying: Expected to find element: '.pixel', but never found it.",
                "estack": "CypressError: Timed out retrying: Expected to find element: '.pixel', but never found it.\n    at cypressErr (http://localhost:41705/__cypress/runner/cypress_runner.js:149934:9)\n    at throwErr (http://localhost:41705/__cypress/runner/cypress_runner.js:149867:11)\n    at Object.throwErrByPath (http://localhost:41705/__cypress/runner/cypress_runner.js:149915:3)\n    at retry (http://localhost:41705/__cypress/runner/cypress_runner.js:144197:19)\n    at onFailFn (http://localhost:41705/__cypress/runner/cypress_runner.js:132448:16)\n    at tryCatcher (http://localhost:41705/__cypress/runner/cypress_runner.js:167415:23)\n    at Promise._settlePromiseFromHandler (http://localhost:41705/__cypress/runner/cypress_runner.js:165351:31)\n    at Promise._settlePromise (http://localhost:41705/__cypress/runner/cypress_runner.js:165408:18)\n    at Promise._settlePromise0 (http://localhost:41705/__cypress/runner/cypress_runner.js:165453:10)\n    at Promise._settlePromises (http://localhost:41705/__cypress/runner/cypress_runner.js:165528:18)\n    at Async../node_modules/bluebird/js/release/async.js.Async._drainQueue (http://localhost:41705/__cypress/runner/cypress_runner.js:162140:16)\n    at Async../node_modules/bluebird/js/release/async.js.Async._drainQueues (http://localhost:41705/__cypress/runner/cypress_runner.js:162150:10)\n    at Async.drainQueues (http://localhost:41705/__cypress/runner/cypress_runner.js:162024:14)",
                "diff": null
              },
              "uuid": "ced5b508-ea06-4985-b19f-d985d5756298",
              "parentUUID": "f9a64bc3-d72b-4e94-bbab-f4f90e828087",
              "isHook": false,
              "skipped": false
            },
            {
              "title": "Verifica se 40 pixels é o tamanho total do elemento, incluindo seu conteúdo e excluindo a borda preta, que deve ser criada à parte.",
              "fullTitle": "5 - Faça com que cada elemento do quadro de pixels possua 40 pixels de largura, 40 pixels de altura e seja delimitado por uma borda preta de 1 pixel Verifica se 40 pixels é o tamanho total do elemento, incluindo seu conteúdo e excluindo a borda preta, que deve ser criada à parte.",
              "timedOut": null,
              "duration": 4422,
              "state": "failed",
              "speed": null,
              "pass": false,
              "fail": true,
              "pending": false,
              "context": null,
              "code": "cy.get('.pixel').each(function (pixel) {\n  cy.wrap(pixel).should('have.css', 'height', '40px').and('have.css', 'width', '40px').and('have.css', 'border', \"1px solid \".concat(BLACK));\n});",
              "err": {
                "message": "CypressError: Timed out retrying: Expected to find element: '.pixel', but never found it.",
                "estack": "CypressError: Timed out retrying: Expected to find element: '.pixel', but never found it.\n    at cypressErr (http://localhost:41705/__cypress/runner/cypress_runner.js:149934:9)\n    at throwErr (http://localhost:41705/__cypress/runner/cypress_runner.js:149867:11)\n    at Object.throwErrByPath (http://localhost:41705/__cypress/runner/cypress_runner.js:149915:3)\n    at retry (http://localhost:41705/__cypress/runner/cypress_runner.js:144197:19)\n    at onFailFn (http://localhost:41705/__cypress/runner/cypress_runner.js:132448:16)\n    at tryCatcher (http://localhost:41705/__cypress/runner/cypress_runner.js:167415:23)\n    at Promise._settlePromiseFromHandler (http://localhost:41705/__cypress/runner/cypress_runner.js:165351:31)\n    at Promise._settlePromise (http://localhost:41705/__cypress/runner/cypress_runner.js:165408:18)\n    at Promise._settlePromise0 (http://localhost:41705/__cypress/runner/cypress_runner.js:165453:10)\n    at Promise._settlePromises (http://localhost:41705/__cypress/runner/cypress_runner.js:165528:18)\n    at Async../node_modules/bluebird/js/release/async.js.Async._drainQueue (http://localhost:41705/__cypress/runner/cypress_runner.js:162140:16)\n    at Async../node_modules/bluebird/js/release/async.js.Async._drainQueues (http://localhost:41705/__cypress/runner/cypress_runner.js:162150:10)\n    at Async.drainQueues (http://localhost:41705/__cypress/runner/cypress_runner.js:162024:14)",
                "diff": null
              },
              "uuid": "2676347e-79fe-4987-b79e-be49acd7fe7e",
              "parentUUID": "f9a64bc3-d72b-4e94-bbab-f4f90e828087",
              "isHook": false,
              "skipped": false
            }
          ],
          "suites": [],
          "passes": [],
          "failures": [
            "ced5b508-ea06-4985-b19f-d985d5756298",
            "2676347e-79fe-4987-b79e-be49acd7fe7e"
          ],
          "pending": [],
          "skipped": [],
          "duration": 8882,
          "root": false,
          "rootEmpty": false,
          "_timeout": 2000
        },
        {
          "uuid": "0644fb26-76d1-4cd9-b3fd-3c276e4c4491",
          "title": "6 - Defina a cor preta como cor inicial da paleta de cores. Ao carregar a página a cor preta já deve estar selecionada para pintar os pixels",
          "fullFile": "",
          "file": "",
          "beforeHooks": [],
          "afterHooks": [],
          "tests": [
            {
              "title": "Verifica se o elemento da cor preta possui, inicialmente, a `classe` `selected`",
              "fullTitle": "6 - Defina a cor preta como cor inicial da paleta de cores. Ao carregar a página a cor preta já deve estar selecionada para pintar os pixels Verifica se o elemento da cor preta possui, inicialmente, a `classe` `selected`",
              "timedOut": null,
              "duration": 4465,
              "state": "failed",
              "speed": null,
              "pass": false,
              "fail": true,
              "pending": false,
              "context": null,
              "code": "cy.get('.selected').first().should('have.css', 'background-color', BLACK);",
              "err": {
                "message": "CypressError: Timed out retrying: Expected to find element: '.selected', but never found it.",
                "estack": "CypressError: Timed out retrying: Expected to find element: '.selected', but never found it.\n    at cypressErr (http://localhost:41705/__cypress/runner/cypress_runner.js:149934:9)\n    at throwErr (http://localhost:41705/__cypress/runner/cypress_runner.js:149867:11)\n    at Object.throwErrByPath (http://localhost:41705/__cypress/runner/cypress_runner.js:149915:3)\n    at retry (http://localhost:41705/__cypress/runner/cypress_runner.js:144197:19)\n    at onFailFn (http://localhost:41705/__cypress/runner/cypress_runner.js:132448:16)\n    at tryCatcher (http://localhost:41705/__cypress/runner/cypress_runner.js:167415:23)\n    at Promise._settlePromiseFromHandler (http://localhost:41705/__cypress/runner/cypress_runner.js:165351:31)\n    at Promise._settlePromise (http://localhost:41705/__cypress/runner/cypress_runner.js:165408:18)\n    at Promise._settlePromise0 (http://localhost:41705/__cypress/runner/cypress_runner.js:165453:10)\n    at Promise._settlePromises (http://localhost:41705/__cypress/runner/cypress_runner.js:165528:18)\n    at Async../node_modules/bluebird/js/release/async.js.Async._drainQueue (http://localhost:41705/__cypress/runner/cypress_runner.js:162140:16)\n    at Async../node_modules/bluebird/js/release/async.js.Async._drainQueues (http://localhost:41705/__cypress/runner/cypress_runner.js:162150:10)\n    at Async.drainQueues (http://localhost:41705/__cypress/runner/cypress_runner.js:162024:14)",
                "diff": null
              },
              "uuid": "f6d43047-347c-49a2-8e71-6c6b716ce131",
              "parentUUID": "0644fb26-76d1-4cd9-b3fd-3c276e4c4491",
              "isHook": false,
              "skipped": false
            },
            {
              "title": "Verifica se nenhuma outra cor da paleta tem a `classe` `selected`",
              "fullTitle": "6 - Defina a cor preta como cor inicial da paleta de cores. Ao carregar a página a cor preta já deve estar selecionada para pintar os pixels Verifica se nenhuma outra cor da paleta tem a `classe` `selected`",
              "timedOut": null,
              "duration": 4417,
              "state": "failed",
              "speed": null,
              "pass": false,
              "fail": true,
              "pending": false,
              "context": null,
              "code": "cy.get('.color:not(:first-child)').each(function (color) {\n  cy.wrap(color).should('not.have.class', 'selected');\n});",
              "err": {
                "message": "CypressError: Timed out retrying: Expected to find element: '.color:not(:first-child)', but never found it.",
                "estack": "CypressError: Timed out retrying: Expected to find element: '.color:not(:first-child)', but never found it.\n    at cypressErr (http://localhost:41705/__cypress/runner/cypress_runner.js:149934:9)\n    at throwErr (http://localhost:41705/__cypress/runner/cypress_runner.js:149867:11)\n    at Object.throwErrByPath (http://localhost:41705/__cypress/runner/cypress_runner.js:149915:3)\n    at retry (http://localhost:41705/__cypress/runner/cypress_runner.js:144197:19)\n    at onFailFn (http://localhost:41705/__cypress/runner/cypress_runner.js:132448:16)\n    at tryCatcher (http://localhost:41705/__cypress/runner/cypress_runner.js:167415:23)\n    at Promise._settlePromiseFromHandler (http://localhost:41705/__cypress/runner/cypress_runner.js:165351:31)\n    at Promise._settlePromise (http://localhost:41705/__cypress/runner/cypress_runner.js:165408:18)\n    at Promise._settlePromise0 (http://localhost:41705/__cypress/runner/cypress_runner.js:165453:10)\n    at Promise._settlePromises (http://localhost:41705/__cypress/runner/cypress_runner.js:165528:18)\n    at Async../node_modules/bluebird/js/release/async.js.Async._drainQueue (http://localhost:41705/__cypress/runner/cypress_runner.js:162140:16)\n    at Async../node_modules/bluebird/js/release/async.js.Async._drainQueues (http://localhost:41705/__cypress/runner/cypress_runner.js:162150:10)\n    at Async.drainQueues (http://localhost:41705/__cypress/runner/cypress_runner.js:162024:14)",
                "diff": null
              },
              "uuid": "344e1040-8db5-4450-8af7-d27cf0fefa4c",
              "parentUUID": "0644fb26-76d1-4cd9-b3fd-3c276e4c4491",
              "isHook": false,
              "skipped": false
            }
          ],
          "suites": [],
          "passes": [],
          "failures": [
            "f6d43047-347c-49a2-8e71-6c6b716ce131",
            "344e1040-8db5-4450-8af7-d27cf0fefa4c"
          ],
          "pending": [],
          "skipped": [],
          "duration": 8882,
          "root": false,
          "rootEmpty": false,
          "_timeout": 2000
        },
        {
          "uuid": "c1d75ca9-d336-45e2-a84c-fbcb5a73c947",
          "title": "7 - Crie uma função para selecionar uma cor na paleta de cores e preencher os pixels no quadro",
          "fullFile": "",
          "file": "",
          "beforeHooks": [],
          "afterHooks": [],
          "tests": [
            {
              "title": "Verifica se somente uma cor da paleta de cores tem a classe `selected` de cada vez",
              "fullTitle": "7 - Crie uma função para selecionar uma cor na paleta de cores e preencher os pixels no quadro Verifica se somente uma cor da paleta de cores tem a classe `selected` de cada vez",
              "timedOut": null,
              "duration": 4514,
              "state": "failed",
              "speed": null,
              "pass": false,
              "fail": true,
              "pending": false,
              "context": null,
              "code": "cy.get('.color').each(function (selectedColor, selectedColorIndex) {\n  cy.wrap(selectedColor).click();\n  cy.get('.color').each(function (color, colorIndex) {\n    if (colorIndex === selectedColorIndex) {\n      expect(color).to.have[\"class\"]('selected');\n    } else {\n      expect(color).not.to.have[\"class\"]('selected');\n    }\n  });\n});",
              "err": {
                "message": "CypressError: Timed out retrying: Expected to find element: '.color', but never found it.",
                "estack": "CypressError: Timed out retrying: Expected to find element: '.color', but never found it.\n    at cypressErr (http://localhost:41705/__cypress/runner/cypress_runner.js:149934:9)\n    at throwErr (http://localhost:41705/__cypress/runner/cypress_runner.js:149867:11)\n    at Object.throwErrByPath (http://localhost:41705/__cypress/runner/cypress_runner.js:149915:3)\n    at retry (http://localhost:41705/__cypress/runner/cypress_runner.js:144197:19)\n    at onFailFn (http://localhost:41705/__cypress/runner/cypress_runner.js:132448:16)\n    at tryCatcher (http://localhost:41705/__cypress/runner/cypress_runner.js:167415:23)\n    at Promise._settlePromiseFromHandler (http://localhost:41705/__cypress/runner/cypress_runner.js:165351:31)\n    at Promise._settlePromise (http://localhost:41705/__cypress/runner/cypress_runner.js:165408:18)\n    at Promise._settlePromise0 (http://localhost:41705/__cypress/runner/cypress_runner.js:165453:10)\n    at Promise._settlePromises (http://localhost:41705/__cypress/runner/cypress_runner.js:165528:18)\n    at Async../node_modules/bluebird/js/release/async.js.Async._drainQueue (http://localhost:41705/__cypress/runner/cypress_runner.js:162140:16)\n    at Async../node_modules/bluebird/js/release/async.js.Async._drainQueues (http://localhost:41705/__cypress/runner/cypress_runner.js:162150:10)\n    at Async.drainQueues (http://localhost:41705/__cypress/runner/cypress_runner.js:162024:14)",
                "diff": null
              },
              "uuid": "8b885b8c-8a2c-4498-ad11-d74a06e7b37c",
              "parentUUID": "c1d75ca9-d336-45e2-a84c-fbcb5a73c947",
              "isHook": false,
              "skipped": false
            },
            {
              "title": "Verifica se os pixels dentro do quadro não têm a classe `selected` quando são clicados",
              "fullTitle": "7 - Crie uma função para selecionar uma cor na paleta de cores e preencher os pixels no quadro Verifica se os pixels dentro do quadro não têm a classe `selected` quando são clicados",
              "timedOut": null,
              "duration": 4469,
              "state": "failed",
              "speed": null,
              "pass": false,
              "fail": true,
              "pending": false,
              "context": null,
              "code": "cy.get('.color').each(function (color) {\n  var backgroundColor = color.css('background-color');\n  cy.wrap(color).click();\n  cy.get('.pixel').each(function (pixel) {\n    cy.wrap(pixel).click().should('not.have.class', 'selected');\n  });\n});",
              "err": {
                "message": "CypressError: Timed out retrying: Expected to find element: '.color', but never found it.",
                "estack": "CypressError: Timed out retrying: Expected to find element: '.color', but never found it.\n    at cypressErr (http://localhost:41705/__cypress/runner/cypress_runner.js:149934:9)\n    at throwErr (http://localhost:41705/__cypress/runner/cypress_runner.js:149867:11)\n    at Object.throwErrByPath (http://localhost:41705/__cypress/runner/cypress_runner.js:149915:3)\n    at retry (http://localhost:41705/__cypress/runner/cypress_runner.js:144197:19)\n    at onFailFn (http://localhost:41705/__cypress/runner/cypress_runner.js:132448:16)\n    at tryCatcher (http://localhost:41705/__cypress/runner/cypress_runner.js:167415:23)\n    at Promise._settlePromiseFromHandler (http://localhost:41705/__cypress/runner/cypress_runner.js:165351:31)\n    at Promise._settlePromise (http://localhost:41705/__cypress/runner/cypress_runner.js:165408:18)\n    at Promise._settlePromise0 (http://localhost:41705/__cypress/runner/cypress_runner.js:165453:10)\n    at Promise._settlePromises (http://localhost:41705/__cypress/runner/cypress_runner.js:165528:18)\n    at Async../node_modules/bluebird/js/release/async.js.Async._drainQueue (http://localhost:41705/__cypress/runner/cypress_runner.js:162140:16)\n    at Async../node_modules/bluebird/js/release/async.js.Async._drainQueues (http://localhost:41705/__cypress/runner/cypress_runner.js:162150:10)\n    at Async.drainQueues (http://localhost:41705/__cypress/runner/cypress_runner.js:162024:14)",
                "diff": null
              },
              "uuid": "5dc7c3fb-ccb4-4be2-a839-0e4182ba53b1",
              "parentUUID": "c1d75ca9-d336-45e2-a84c-fbcb5a73c947",
              "isHook": false,
              "skipped": false
            }
          ],
          "suites": [],
          "passes": [],
          "failures": [
            "8b885b8c-8a2c-4498-ad11-d74a06e7b37c",
            "5dc7c3fb-ccb4-4be2-a839-0e4182ba53b1"
          ],
          "pending": [],
          "skipped": [],
          "duration": 8983,
          "root": false,
          "rootEmpty": false,
          "_timeout": 2000
        },
        {
          "uuid": "6bd45ed8-0c1c-4ddd-a072-5874f15bfd13",
          "title": "8 - Crie uma função que permita preencher um pixel do quadro com a cor selecionada na paleta de cores",
          "fullFile": "",
          "file": "",
          "beforeHooks": [],
          "afterHooks": [],
          "tests": [
            {
              "title": "Verifica se ao carregar a página deve ser possível pintar os pixels de preto",
              "fullTitle": "8 - Crie uma função que permita preencher um pixel do quadro com a cor selecionada na paleta de cores Verifica se ao carregar a página deve ser possível pintar os pixels de preto",
              "timedOut": null,
              "duration": 4401,
              "state": "failed",
              "speed": null,
              "pass": false,
              "fail": true,
              "pending": false,
              "context": null,
              "code": "cy.get('.pixel').each(function (pixel) {\n  cy.wrap(pixel).click().should('have.css', 'background-color', BLACK);\n});",
              "err": {
                "message": "CypressError: Timed out retrying: Expected to find element: '.pixel', but never found it.",
                "estack": "CypressError: Timed out retrying: Expected to find element: '.pixel', but never found it.\n    at cypressErr (http://localhost:41705/__cypress/runner/cypress_runner.js:149934:9)\n    at throwErr (http://localhost:41705/__cypress/runner/cypress_runner.js:149867:11)\n    at Object.throwErrByPath (http://localhost:41705/__cypress/runner/cypress_runner.js:149915:3)\n    at retry (http://localhost:41705/__cypress/runner/cypress_runner.js:144197:19)\n    at onFailFn (http://localhost:41705/__cypress/runner/cypress_runner.js:132448:16)\n    at tryCatcher (http://localhost:41705/__cypress/runner/cypress_runner.js:167415:23)\n    at Promise._settlePromiseFromHandler (http://localhost:41705/__cypress/runner/cypress_runner.js:165351:31)\n    at Promise._settlePromise (http://localhost:41705/__cypress/runner/cypress_runner.js:165408:18)\n    at Promise._settlePromise0 (http://localhost:41705/__cypress/runner/cypress_runner.js:165453:10)\n    at Promise._settlePromises (http://localhost:41705/__cypress/runner/cypress_runner.js:165528:18)\n    at Async../node_modules/bluebird/js/release/async.js.Async._drainQueue (http://localhost:41705/__cypress/runner/cypress_runner.js:162140:16)\n    at Async../node_modules/bluebird/js/release/async.js.Async._drainQueues (http://localhost:41705/__cypress/runner/cypress_runner.js:162150:10)\n    at Async.drainQueues (http://localhost:41705/__cypress/runner/cypress_runner.js:162024:14)",
                "diff": null
              },
              "uuid": "cf2737a9-49e6-4978-856a-a43de9b81f35",
              "parentUUID": "6bd45ed8-0c1c-4ddd-a072-5874f15bfd13",
              "isHook": false,
              "skipped": false
            },
            {
              "title": "Verifica se após selecionar uma outra cor na paleta, é possível pintar os pixels com essa cor",
              "fullTitle": "8 - Crie uma função que permita preencher um pixel do quadro com a cor selecionada na paleta de cores Verifica se após selecionar uma outra cor na paleta, é possível pintar os pixels com essa cor",
              "timedOut": null,
              "duration": 4537,
              "state": "failed",
              "speed": null,
              "pass": false,
              "fail": true,
              "pending": false,
              "context": null,
              "code": "cy.get('.color').each(function (color) {\n  var backgroundColor = color.css('background-color');\n  cy.wrap(color).click();\n  cy.get('.pixel').each(function (pixel) {\n    cy.wrap(pixel).click().should('have.css', 'background-color', backgroundColor);\n  });\n});",
              "err": {
                "message": "CypressError: Timed out retrying: Expected to find element: '.color', but never found it.",
                "estack": "CypressError: Timed out retrying: Expected to find element: '.color', but never found it.\n    at cypressErr (http://localhost:41705/__cypress/runner/cypress_runner.js:149934:9)\n    at throwErr (http://localhost:41705/__cypress/runner/cypress_runner.js:149867:11)\n    at Object.throwErrByPath (http://localhost:41705/__cypress/runner/cypress_runner.js:149915:3)\n    at retry (http://localhost:41705/__cypress/runner/cypress_runner.js:144197:19)\n    at onFailFn (http://localhost:41705/__cypress/runner/cypress_runner.js:132448:16)\n    at tryCatcher (http://localhost:41705/__cypress/runner/cypress_runner.js:167415:23)\n    at Promise._settlePromiseFromHandler (http://localhost:41705/__cypress/runner/cypress_runner.js:165351:31)\n    at Promise._settlePromise (http://localhost:41705/__cypress/runner/cypress_runner.js:165408:18)\n    at Promise._settlePromise0 (http://localhost:41705/__cypress/runner/cypress_runner.js:165453:10)\n    at Promise._settlePromises (http://localhost:41705/__cypress/runner/cypress_runner.js:165528:18)\n    at Async../node_modules/bluebird/js/release/async.js.Async._drainQueue (http://localhost:41705/__cypress/runner/cypress_runner.js:162140:16)\n    at Async../node_modules/bluebird/js/release/async.js.Async._drainQueues (http://localhost:41705/__cypress/runner/cypress_runner.js:162150:10)\n    at Async.drainQueues (http://localhost:41705/__cypress/runner/cypress_runner.js:162024:14)",
                "diff": null
              },
              "uuid": "2a05b8c4-ca0e-4f19-9c76-9a069381e37d",
              "parentUUID": "6bd45ed8-0c1c-4ddd-a072-5874f15bfd13",
              "isHook": false,
              "skipped": false
            },
            {
              "title": "Verifica se somente o pixel que foi clicado foi preenchido com a cor selecionada, sem influenciar na cor dos demais pixels.",
              "fullTitle": "8 - Crie uma função que permita preencher um pixel do quadro com a cor selecionada na paleta de cores Verifica se somente o pixel que foi clicado foi preenchido com a cor selecionada, sem influenciar na cor dos demais pixels.",
              "timedOut": null,
              "duration": 4366,
              "state": "failed",
              "speed": null,
              "pass": false,
              "fail": true,
              "pending": false,
              "context": null,
              "code": "var colorToPixelIndexMap = {\n  0: 6,\n  1: 8,\n  2: 16,\n  3: 18\n};\ncy.get('.color').each(function (color, index) {\n  cy.wrap(color).click();\n  var backgroundColor = color.css('background-color');\n  var clickedPixelIndex = colorToPixelIndexMap[index];\n  cy.get('.pixel').eq(clickedPixelIndex).click();\n  cy.get('.pixel').eq(clickedPixelIndex - 1).should('not.have.css', 'background-color', backgroundColor);\n  cy.get('.pixel').eq(clickedPixelIndex + 1).should('not.have.css', 'background-color', backgroundColor);\n  cy.get('.pixel').eq(clickedPixelIndex - 5).should('not.have.css', 'background-color', backgroundColor);\n  cy.get('.pixel').eq(clickedPixelIndex + 5).should('not.have.css', 'background-color', backgroundColor);\n  cy.get('.pixel').eq(clickedPixelIndex - 6).should('not.have.css', 'background-color', backgroundColor);\n  cy.get('.pixel').eq(clickedPixelIndex - 4).should('not.have.css', 'background-color', backgroundColor);\n  cy.get('.pixel').eq(clickedPixelIndex + 4).should('not.have.css', 'background-color', backgroundColor);\n  cy.get('.pixel').eq(clickedPixelIndex + 6).should('not.have.css', 'background-color', backgroundColor);\n});",
              "err": {
                "message": "CypressError: Timed out retrying: Expected to find element: '.color', but never found it.",
                "estack": "CypressError: Timed out retrying: Expected to find element: '.color', but never found it.\n    at cypressErr (http://localhost:41705/__cypress/runner/cypress_runner.js:149934:9)\n    at throwErr (http://localhost:41705/__cypress/runner/cypress_runner.js:149867:11)\n    at Object.throwErrByPath (http://localhost:41705/__cypress/runner/cypress_runner.js:149915:3)\n    at retry (http://localhost:41705/__cypress/runner/cypress_runner.js:144197:19)\n    at onFailFn (http://localhost:41705/__cypress/runner/cypress_runner.js:132448:16)\n    at tryCatcher (http://localhost:41705/__cypress/runner/cypress_runner.js:167415:23)\n    at Promise._settlePromiseFromHandler (http://localhost:41705/__cypress/runner/cypress_runner.js:165351:31)\n    at Promise._settlePromise (http://localhost:41705/__cypress/runner/cypress_runner.js:165408:18)\n    at Promise._settlePromise0 (http://localhost:41705/__cypress/runner/cypress_runner.js:165453:10)\n    at Promise._settlePromises (http://localhost:41705/__cypress/runner/cypress_runner.js:165528:18)\n    at Async../node_modules/bluebird/js/release/async.js.Async._drainQueue (http://localhost:41705/__cypress/runner/cypress_runner.js:162140:16)\n    at Async../node_modules/bluebird/js/release/async.js.Async._drainQueues (http://localhost:41705/__cypress/runner/cypress_runner.js:162150:10)\n    at Async.drainQueues (http://localhost:41705/__cypress/runner/cypress_runner.js:162024:14)",
                "diff": null
              },
              "uuid": "db24c17d-dc02-49e9-92dd-1d13b7fec02f",
              "parentUUID": "6bd45ed8-0c1c-4ddd-a072-5874f15bfd13",
              "isHook": false,
              "skipped": false
            }
          ],
          "suites": [],
          "passes": [],
          "failures": [
            "cf2737a9-49e6-4978-856a-a43de9b81f35",
            "2a05b8c4-ca0e-4f19-9c76-9a069381e37d",
            "db24c17d-dc02-49e9-92dd-1d13b7fec02f"
          ],
          "pending": [],
          "skipped": [],
          "duration": 13304,
          "root": false,
          "rootEmpty": false,
          "_timeout": 2000
        },
        {
          "uuid": "222622f4-1754-40d3-b5f5-40cf3eeefd26",
          "title": "9 - Crie um botão que, ao ser clicado, limpa o quadro preenchendo a cor de todos seus pixels com branco",
          "fullFile": "",
          "file": "",
          "beforeHooks": [],
          "afterHooks": [],
          "tests": [
            {
              "title": "Verifica se o botão tem o `id` denominado `clear-board`",
              "fullTitle": "9 - Crie um botão que, ao ser clicado, limpa o quadro preenchendo a cor de todos seus pixels com branco Verifica se o botão tem o `id` denominado `clear-board`",
              "timedOut": null,
              "duration": 4454,
              "state": "failed",
              "speed": null,
              "pass": false,
              "fail": true,
              "pending": false,
              "context": null,
              "code": "cy.get('#clear-board').should('be.visible');",
              "err": {
                "message": "CypressError: Timed out retrying: Expected to find element: '#clear-board', but never found it.",
                "estack": "CypressError: Timed out retrying: Expected to find element: '#clear-board', but never found it.\n    at cypressErr (http://localhost:41705/__cypress/runner/cypress_runner.js:149934:9)\n    at throwErr (http://localhost:41705/__cypress/runner/cypress_runner.js:149867:11)\n    at Object.throwErrByPath (http://localhost:41705/__cypress/runner/cypress_runner.js:149915:3)\n    at retry (http://localhost:41705/__cypress/runner/cypress_runner.js:144197:19)\n    at onFailFn (http://localhost:41705/__cypress/runner/cypress_runner.js:132448:16)\n    at tryCatcher (http://localhost:41705/__cypress/runner/cypress_runner.js:167415:23)\n    at Promise._settlePromiseFromHandler (http://localhost:41705/__cypress/runner/cypress_runner.js:165351:31)\n    at Promise._settlePromise (http://localhost:41705/__cypress/runner/cypress_runner.js:165408:18)\n    at Promise._settlePromise0 (http://localhost:41705/__cypress/runner/cypress_runner.js:165453:10)\n    at Promise._settlePromises (http://localhost:41705/__cypress/runner/cypress_runner.js:165528:18)\n    at Async../node_modules/bluebird/js/release/async.js.Async._drainQueue (http://localhost:41705/__cypress/runner/cypress_runner.js:162140:16)\n    at Async../node_modules/bluebird/js/release/async.js.Async._drainQueues (http://localhost:41705/__cypress/runner/cypress_runner.js:162150:10)\n    at Async.drainQueues (http://localhost:41705/__cypress/runner/cypress_runner.js:162024:14)",
                "diff": null
              },
              "uuid": "e4cc6be1-a76c-4928-a7aa-87e09c88310c",
              "parentUUID": "222622f4-1754-40d3-b5f5-40cf3eeefd26",
              "isHook": false,
              "skipped": false
            },
            {
              "title": "Verifica se o botão está posicionado entre a paleta de cores e o quadro de pixels",
              "fullTitle": "9 - Crie um botão que, ao ser clicado, limpa o quadro preenchendo a cor de todos seus pixels com branco Verifica se o botão está posicionado entre a paleta de cores e o quadro de pixels",
              "timedOut": null,
              "duration": 4448,
              "state": "failed",
              "speed": null,
              "pass": false,
              "fail": true,
              "pending": false,
              "context": null,
              "code": "cy.get('#color-palette').then(function (palette) {\n  cy.get('#clear-board').should('be.belowOf', palette);\n});\ncy.get('#clear-board').then(function (clearBtn) {\n  cy.get('#pixel-board').should('be.belowOf', clearBtn);\n});",
              "err": {
                "message": "CypressError: Timed out retrying: Expected to find element: '#color-palette', but never found it.",
                "estack": "CypressError: Timed out retrying: Expected to find element: '#color-palette', but never found it.\n    at cypressErr (http://localhost:41705/__cypress/runner/cypress_runner.js:149934:9)\n    at throwErr (http://localhost:41705/__cypress/runner/cypress_runner.js:149867:11)\n    at Object.throwErrByPath (http://localhost:41705/__cypress/runner/cypress_runner.js:149915:3)\n    at retry (http://localhost:41705/__cypress/runner/cypress_runner.js:144197:19)\n    at onFailFn (http://localhost:41705/__cypress/runner/cypress_runner.js:132448:16)\n    at tryCatcher (http://localhost:41705/__cypress/runner/cypress_runner.js:167415:23)\n    at Promise._settlePromiseFromHandler (http://localhost:41705/__cypress/runner/cypress_runner.js:165351:31)\n    at Promise._settlePromise (http://localhost:41705/__cypress/runner/cypress_runner.js:165408:18)\n    at Promise._settlePromise0 (http://localhost:41705/__cypress/runner/cypress_runner.js:165453:10)\n    at Promise._settlePromises (http://localhost:41705/__cypress/runner/cypress_runner.js:165528:18)\n    at Async../node_modules/bluebird/js/release/async.js.Async._drainQueue (http://localhost:41705/__cypress/runner/cypress_runner.js:162140:16)\n    at Async../node_modules/bluebird/js/release/async.js.Async._drainQueues (http://localhost:41705/__cypress/runner/cypress_runner.js:162150:10)\n    at Async.drainQueues (http://localhost:41705/__cypress/runner/cypress_runner.js:162024:14)",
                "diff": null
              },
              "uuid": "6d58d37f-c60f-4df3-872f-84090f1c5ae2",
              "parentUUID": "222622f4-1754-40d3-b5f5-40cf3eeefd26",
              "isHook": false,
              "skipped": false
            },
            {
              "title": "Verifica se o texto do botão é 'Limpar'",
              "fullTitle": "9 - Crie um botão que, ao ser clicado, limpa o quadro preenchendo a cor de todos seus pixels com branco Verifica se o texto do botão é 'Limpar'",
              "timedOut": null,
              "duration": 4409,
              "state": "failed",
              "speed": null,
              "pass": false,
              "fail": true,
              "pending": false,
              "context": null,
              "code": "cy.get('#clear-board').should('contain.text', 'Limpar');",
              "err": {
                "message": "CypressError: Timed out retrying: Expected to find element: '#clear-board', but never found it.",
                "estack": "CypressError: Timed out retrying: Expected to find element: '#clear-board', but never found it.\n    at cypressErr (http://localhost:41705/__cypress/runner/cypress_runner.js:149934:9)\n    at throwErr (http://localhost:41705/__cypress/runner/cypress_runner.js:149867:11)\n    at Object.throwErrByPath (http://localhost:41705/__cypress/runner/cypress_runner.js:149915:3)\n    at retry (http://localhost:41705/__cypress/runner/cypress_runner.js:144197:19)\n    at onFailFn (http://localhost:41705/__cypress/runner/cypress_runner.js:132448:16)\n    at tryCatcher (http://localhost:41705/__cypress/runner/cypress_runner.js:167415:23)\n    at Promise._settlePromiseFromHandler (http://localhost:41705/__cypress/runner/cypress_runner.js:165351:31)\n    at Promise._settlePromise (http://localhost:41705/__cypress/runner/cypress_runner.js:165408:18)\n    at Promise._settlePromise0 (http://localhost:41705/__cypress/runner/cypress_runner.js:165453:10)\n    at Promise._settlePromises (http://localhost:41705/__cypress/runner/cypress_runner.js:165528:18)\n    at Async../node_modules/bluebird/js/release/async.js.Async._drainQueue (http://localhost:41705/__cypress/runner/cypress_runner.js:162140:16)\n    at Async../node_modules/bluebird/js/release/async.js.Async._drainQueues (http://localhost:41705/__cypress/runner/cypress_runner.js:162150:10)\n    at Async.drainQueues (http://localhost:41705/__cypress/runner/cypress_runner.js:162024:14)",
                "diff": null
              },
              "uuid": "ac34cb07-6deb-4e64-a989-d18820c6b5b0",
              "parentUUID": "222622f4-1754-40d3-b5f5-40cf3eeefd26",
              "isHook": false,
              "skipped": false
            },
            {
              "title": "Verifica se ao clicar no botão, o quadro de pixels é totalmente preenchido de branco",
              "fullTitle": "9 - Crie um botão que, ao ser clicado, limpa o quadro preenchendo a cor de todos seus pixels com branco Verifica se ao clicar no botão, o quadro de pixels é totalmente preenchido de branco",
              "timedOut": null,
              "duration": 4425,
              "state": "failed",
              "speed": null,
              "pass": false,
              "fail": true,
              "pending": false,
              "context": null,
              "code": "cy.get('.color').eq(1).then(function (color) {\n  var backgroundColor = color.css('background-color');\n  cy.wrap(color).click();\n  cy.get('.pixel').each(function (pixel) {\n    cy.wrap(pixel).click().should('have.css', 'background-color', backgroundColor);\n  });\n});\ncy.get('#clear-board').click();\ncy.get('.pixel').each(function (pixel) {\n  cy.wrap(pixel).should('have.css', 'background-color', WHITE);\n});",
              "err": {
                "message": "CypressError: Timed out retrying: Expected to find element: '.color', but never found it.",
                "estack": "CypressError: Timed out retrying: Expected to find element: '.color', but never found it.\n    at cypressErr (http://localhost:41705/__cypress/runner/cypress_runner.js:149934:9)\n    at throwErr (http://localhost:41705/__cypress/runner/cypress_runner.js:149867:11)\n    at Object.throwErrByPath (http://localhost:41705/__cypress/runner/cypress_runner.js:149915:3)\n    at retry (http://localhost:41705/__cypress/runner/cypress_runner.js:144197:19)\n    at onFailFn (http://localhost:41705/__cypress/runner/cypress_runner.js:132448:16)\n    at tryCatcher (http://localhost:41705/__cypress/runner/cypress_runner.js:167415:23)\n    at Promise._settlePromiseFromHandler (http://localhost:41705/__cypress/runner/cypress_runner.js:165351:31)\n    at Promise._settlePromise (http://localhost:41705/__cypress/runner/cypress_runner.js:165408:18)\n    at Promise._settlePromise0 (http://localhost:41705/__cypress/runner/cypress_runner.js:165453:10)\n    at Promise._settlePromises (http://localhost:41705/__cypress/runner/cypress_runner.js:165528:18)\n    at Async../node_modules/bluebird/js/release/async.js.Async._drainQueue (http://localhost:41705/__cypress/runner/cypress_runner.js:162140:16)\n    at Async../node_modules/bluebird/js/release/async.js.Async._drainQueues (http://localhost:41705/__cypress/runner/cypress_runner.js:162150:10)\n    at Async.drainQueues (http://localhost:41705/__cypress/runner/cypress_runner.js:162024:14)",
                "diff": null
              },
              "uuid": "01943795-4d1a-47e6-a9c8-428190f24072",
              "parentUUID": "222622f4-1754-40d3-b5f5-40cf3eeefd26",
              "isHook": false,
              "skipped": false
            }
          ],
          "suites": [],
          "passes": [],
          "failures": [
            "e4cc6be1-a76c-4928-a7aa-87e09c88310c",
            "6d58d37f-c60f-4df3-872f-84090f1c5ae2",
            "ac34cb07-6deb-4e64-a989-d18820c6b5b0",
            "01943795-4d1a-47e6-a9c8-428190f24072"
          ],
          "pending": [],
          "skipped": [],
          "duration": 17736,
          "root": false,
          "rootEmpty": false,
          "_timeout": 2000
        },
        {
          "uuid": "00296116-45da-4e08-ad7d-7f53bc652c2e",
          "title": "10 - Crie um input que permita à pessoa usuária preencher um novo tamanho para o quadro de pixels",
          "fullFile": "",
          "file": "",
          "beforeHooks": [],
          "afterHooks": [],
          "tests": [
            {
              "title": "Verifica se existe um input com o id `board-size`",
              "fullTitle": "10 - Crie um input que permita à pessoa usuária preencher um novo tamanho para o quadro de pixels Verifica se existe um input com o id `board-size`",
              "timedOut": null,
              "duration": 4565,
              "state": "failed",
              "speed": null,
              "pass": false,
              "fail": true,
              "pending": false,
              "context": null,
              "code": "cy.get('#board-size').should('be.visible');",
              "err": {
                "message": "CypressError: Timed out retrying: Expected to find element: '#board-size', but never found it.",
[...]
                "diff": null
              },
              "uuid": "23ec7411-5026-4917-9566-abb2e52beb01",
              "parentUUID": "00296116-45da-4e08-ad7d-7f53bc652c2e",
              "isHook": false,
              "skipped": false
            },
            {
              "title": "Verifica se o novo quadro tem todos os pixels preenchidos com a cor branca",
              "fullTitle": "10 - Crie um input que permita à pessoa usuária preencher um novo tamanho para o quadro de pixels Verifica se o novo quadro tem todos os pixels preenchidos com a cor branca",
              "timedOut": null,
              "duration": 4415,
              "state": "failed",
              "speed": null,
              "pass": false,
              "fail": true,
              "pending": false,
              "context": null,
              "code": "cy.get('#board-size').clear().type(6);\ncy.get('#generate-board').click();\ncy.get('.pixel').should('have.length', 36).each(function (pixel) {\n  expect(pixel).to.have.css('background-color', WHITE);\n});",
              "err": {
                "message": "CypressError: Timed out retrying: Expected to find element: '#board-size', but never found it.",
                "estack": "CypressError: Timed out retrying: Expected to find element: '#board-size', but never found it.\n    at cypressErr (http://localhost:41705/__cypress/runner/cypress_runner.js:149934:9)\n    at throwErr (http://localhost:41705/__cypress/runner/cypress_runner.js:149867:11)\n    at Object.throwErrByPath (http://localhost:41705/__cypress/runner/cypress_runner.js:149915:3)\n    at retry (http://localhost:41705/__cypress/runner/cypress_runner.js:144197:19)\n    at onFailFn (http://localhost:41705/__cypress/runner/cypress_runner.js:132448:16)\n    at tryCatcher (http://localhost:41705/__cypress/runner/cypress_runner.js:167415:23)\n    at Promise._settlePromiseFromHandler (http://localhost:41705/__cypress/runner/cypress_runner.js:165351:31)\n    at Promise._settlePromise (http://localhost:41705/__cypress/runner/cypress_runner.js:165408:18)\n    at Promise._settlePromise0 (http://localhost:41705/__cypress/runner/cypress_runner.js:165453:10)\n    at Promise._settlePromises (http://localhost:41705/__cypress/runner/cypress_runner.js:165528:18)\n    at Async../node_modules/bluebird/js/release/async.js.Async._drainQueue (http://localhost:41705/__cypress/runner/cypress_runner.js:162140:16)\n    at Async../node_modules/bluebird/js/release/async.js.Async._drainQueues (http://localhost:41705/__cypress/runner/cypress_runner.js:162150:10)\n    at Async.drainQueues (http://localhost:41705/__cypress/runner/cypress_runner.js:162024:14)",
                "diff": null
              },
              "uuid": "0926f29c-ef09-48fe-9ad5-0f589f71da8f",
              "parentUUID": "00296116-45da-4e08-ad7d-7f53bc652c2e",
              "isHook": false,
              "skipped": false
            }
          ],
          "suites": [],
          "passes": [],
          "failures": [
            "673f6155-6a97-440f-8b60-5df95e4789cc",
            "12c51370-1f36-4d9c-a67f-438e8bc1f064",
            "df270223-d2f4-4a05-bf21-7c18e1cb074b",
            "65067cd4-7ab4-4eb0-9c0e-7497e36473e3",
            "32f595b8-2c01-41f2-b7cd-95dfb9c828a3",
            "f891bf1a-50ff-4c06-8ae0-8aa879b0cf63",
            "8c5bf0e8-f5ee-49d7-a937-cb14cdb25d47",
            "23ec7411-5026-4917-9566-abb2e52beb01",
            "0926f29c-ef09-48fe-9ad5-0f589f71da8f"
          ],
          "pending": [],
          "skipped": [],
          "duration": 40000,
          "root": false,
          "rootEmpty": false,
          "_timeout": 2000
        },
        {
          "uuid": "ef4428aa-e661-4aa0-9f0b-ebf65e382472",
          "title": "11 - Crie uma função que limite o tamanho mínimo e máximo do quadro de pixels",
          "fullFile": "",
          "file": "",
          "beforeHooks": [],
          "afterHooks": [],
          "tests": [
            {
              "title": "Verifica se a altura máxima do board é 50",
              "fullTitle": "11 - Crie uma função que limite o tamanho mínimo e máximo do quadro de pixels Verifica se a altura máxima do board é 50",
              "timedOut": null,
              "duration": 4480,
              "state": "failed",
              "speed": null,
              "pass": false,
              "fail": true,
              "pending": false,
              "context": null,
              "code": "cy.get('#board-size').clear().type(50);\ncy.get('#generate-board').click();\ncy.get('.pixel').should('have.length', 2500);",
              "err": {
                "message": "CypressError: Timed out retrying: Expected to find element: '#board-size', but never found it.",
                "estack": "CypressError: Timed out retrying: Expected to find element: '#board-size', but never found it.\n    at cypressErr (http://localhost:41705/__cypress/runner/cypress_runner.js:149934:9)\n    at throwErr (http://localhost:41705/__cypress/runner/cypress_runner.js:149867:11)\n    at Object.throwErrByPath (http://localhost:41705/__cypress/runner/cypress_runner.js:149915:3)\n    at retry (http://localhost:41705/__cypress/runner/cypress_runner.js:144197:19)\n    at onFailFn (http://localhost:41705/__cypress/runner/cypress_runner.js:132448:16)\n    at tryCatcher (http://localhost:41705/__cypress/runner/cypress_runner.js:167415:23)\n    at Promise._settlePromiseFromHandler (http://localhost:41705/__cypress/runner/cypress_runner.js:165351:31)\n    at Promise._settlePromise (http://localhost:41705/__cypress/runner/cypress_runner.js:165408:18)\n    at Promise._settlePromise0 (http://localhost:41705/__cypress/runner/cypress_runner.js:165453:10)\n    at Promise._settlePromises (http://localhost:41705/__cypress/runner/cypress_runner.js:165528:18)\n    at Async../node_modules/bluebird/js/release/async.js.Async._drainQueue (http://localhost:41705/__cypress/runner/cypress_runner.js:162140:16)\n    at Async../node_modules/bluebird/js/release/async.js.Async._drainQueues (http://localhost:41705/__cypress/runner/cypress_runner.js:162150:10)\n    at Async.drainQueues (http://localhost:41705/__cypress/runner/cypress_runner.js:162024:14)",
                "diff": null
              },
              "uuid": "338d90b9-65eb-43e1-9a3c-bd12506074ac",
              "parentUUID": "ef4428aa-e661-4aa0-9f0b-ebf65e382472",
              "isHook": false,
              "skipped": false
            },
            {
              "title": "Verifica se a altura do board é 5 quando um valor menor é colocado no input",
              "fullTitle": "11 - Crie uma função que limite o tamanho mínimo e máximo do quadro de pixels Verifica se a altura do board é 5 quando um valor menor é colocado no input",
              "timedOut": null,
              "duration": 4587,
              "state": "failed",
              "speed": null,
              "pass": false,
              "fail": true,
              "pending": false,
              "context": null,
              "code": "cy.get('#board-size').clear().type(4);\ncy.get('#generate-board').click();\ncy.get('.pixel').should('have.length', 25);",
              "err": {
                "message": "CypressError: Timed out retrying: Expected to find element: '#board-size', but never found it.",
                "estack": "CypressError: Timed out retrying: Expected to find element: '#board-size', but never found it.\n    at cypressErr (http://localhost:41705/__cypress/runner/cypress_runner.js:149934:9)\n    at throwErr (http://localhost:41705/__cypress/runner/cypress_runner.js:149867:11)\n    at Object.throwErrByPath (http://localhost:41705/__cypress/runner/cypress_runner.js:149915:3)\n    at retry (http://localhost:41705/__cypress/runner/cypress_runner.js:144197:19)\n    at onFailFn (http://localhost:41705/__cypress/runner/cypress_runner.js:132448:16)\n    at tryCatcher (http://localhost:41705/__cypress/runner/cypress_runner.js:167415:23)\n    at Promise._settlePromiseFromHandler (http://localhost:41705/__cypress/runner/cypress_runner.js:165351:31)\n    at Promise._settlePromise (http://localhost:41705/__cypress/runner/cypress_runner.js:165408:18)\n    at Promise._settlePromise0 (http://localhost:41705/__cypress/runner/cypress_runner.js:165453:10)\n    at Promise._settlePromises (http://localhost:41705/__cypress/runner/cypress_runner.js:165528:18)\n    at Async../node_modules/bluebird/js/release/async.js.Async._drainQueue (http://localhost:41705/__cypress/runner/cypress_runner.js:162140:16)\n    at Async../node_modules/bluebird/js/release/async.js.Async._drainQueues (http://localhost:41705/__cypress/runner/cypress_runner.js:162150:10)\n    at Async.drainQueues (http://localhost:41705/__cypress/runner/cypress_runner.js:162024:14)",
                "diff": null
              },
              "uuid": "0aeb44f6-4c7b-46ce-8ac9-68f6e8a7cd83",
              "parentUUID": "ef4428aa-e661-4aa0-9f0b-ebf65e382472",
              "isHook": false,
              "skipped": false
            },
            {
              "title": "Verifica se a altura do board é 50 quando um valor maior é colocado no input",
              "fullTitle": "11 - Crie uma função que limite o tamanho mínimo e máximo do quadro de pixels Verifica se a altura do board é 50 quando um valor maior é colocado no input",
              "timedOut": null,
              "duration": 4517,
              "state": "failed",
              "speed": null,
              "pass": false,
              "fail": true,
              "pending": false,
              "context": null,
              "code": "cy.get('#board-size').clear().type(51);\ncy.get('#generate-board').click();\ncy.get('.pixel').should('have.length', 2500);",
              "err": {
                "message": "CypressError: Timed out retrying: Expected to find element: '#board-size', but never found it.",
                "estack": "CypressError: Timed out retrying: Expected to find element: '#board-size', but never found it.\n    at cypressErr (http://localhost:41705/__cypress/runner/cypress_runner.js:149934:9)\n    at throwErr (http://localhost:41705/__cypress/runner/cypress_runner.js:149867:11)\n    at Object.throwErrByPath (http://localhost:41705/__cypress/runner/cypress_runner.js:149915:3)\n    at retry (http://localhost:41705/__cypress/runner/cypress_runner.js:144197:19)\n    at onFailFn (http://localhost:41705/__cypress/runner/cypress_runner.js:132448:16)\n    at tryCatcher (http://localhost:41705/__cypress/runner/cypress_runner.js:167415:23)\n    at Promise._settlePromiseFromHandler (http://localhost:41705/__cypress/runner/cypress_runner.js:165351:31)\n    at Promise._settlePromise (http://localhost:41705/__cypress/runner/cypress_runner.js:165408:18)\n    at Promise._settlePromise0 (http://localhost:41705/__cypress/runner/cypress_runner.js:165453:10)\n    at Promise._settlePromises (http://localhost:41705/__cypress/runner/cypress_runner.js:165528:18)\n    at Async../node_modules/bluebird/js/release/async.js.Async._drainQueue (http://localhost:41705/__cypress/runner/cypress_runner.js:162140:16)\n    at Async../node_modules/bluebird/js/release/async.js.Async._drainQueues (http://localhost:41705/__cypress/runner/cypress_runner.js:162150:10)\n    at Async.drainQueues (http://localhost:41705/__cypress/runner/cypress_runner.js:162024:14)",
                "diff": null
              },
              "uuid": "90959b3e-a081-4d21-9949-bcc0af9d4c20",
              "parentUUID": "ef4428aa-e661-4aa0-9f0b-ebf65e382472",
              "isHook": false,
              "skipped": false
            }
          ],
          "suites": [],
          "passes": [],
          "failures": [
            "338d90b9-65eb-43e1-9a3c-bd12506074ac",
            "0aeb44f6-4c7b-46ce-8ac9-68f6e8a7cd83",
            "90959b3e-a081-4d21-9949-bcc0af9d4c20"
          ],
          "pending": [],
          "skipped": [],
          "duration": 13584,
          "root": false,
          "rootEmpty": false,
          "_timeout": 2000
        },
        {
          "uuid": "697026da-cd9d-47ab-902e-981b747cf2bc",
          "title": "12 - Crie uma função para gerar as cores aleatoriamente ao carregar a página, com exceção da cor preta",
          "fullFile": "",
          "file": "",
          "beforeHooks": [],
          "afterHooks": [],
          "tests": [
            {
              "title": "Verifica se as cores geradas na paleta são diferentes a cada carregamento da página",
              "fullTitle": "12 - Crie uma função para gerar as cores aleatoriamente ao carregar a página, com exceção da cor preta Verifica se as cores geradas na paleta são diferentes a cada carregamento da página",
              "timedOut": null,
              "duration": 4516,
              "state": "failed",
              "speed": null,
              "pass": false,
              "fail": true,
              "pending": false,
              "context": null,
              "code": "cy.get('.color').then(function (colors) {\n  var currentColors;\n  var previousColors;\n  previousColors = Array.from(colors).map(function (color) {\n    return Cypress.$(color).css('background-color');\n  });\n  for (var i = 0; i < 5; i += 1) {\n    cy.reload();\n    cy.get('.color').then(function (colors) {\n      currentColors = Array.from(colors).map(function (color) {\n        return Cypress.$(color).css('background-color');\n      });\n      expect(currentColors).not.to.deep.equal(previousColors);\n      previousColors = currentColors;\n    });\n  }\n});",
              "err": {
                "message": "CypressError: Timed out retrying: Expected to find element: '.color', but never found it.",
                "estack": "CypressError: Timed out retrying: Expected to find element: '.color', but never found it.\n    at cypressErr (http://localhost:41705/__cypress/runner/cypress_runner.js:149934:9)\n    at throwErr (http://localhost:41705/__cypress/runner/cypress_runner.js:149867:11)\n    at Object.throwErrByPath (http://localhost:41705/__cypress/runner/cypress_runner.js:149915:3)\n    at retry (http://localhost:41705/__cypress/runner/cypress_runner.js:144197:19)\n    at onFailFn (http://localhost:41705/__cypress/runner/cypress_runner.js:132448:16)\n    at tryCatcher (http://localhost:41705/__cypress/runner/cypress_runner.js:167415:23)\n    at Promise._settlePromiseFromHandler (http://localhost:41705/__cypress/runner/cypress_runner.js:165351:31)\n    at Promise._settlePromise (http://localhost:41705/__cypress/runner/cypress_runner.js:165408:18)\n    at Promise._settlePromise0 (http://localhost:41705/__cypress/runner/cypress_runner.js:165453:10)\n    at Promise._settlePromises (http://localhost:41705/__cypress/runner/cypress_runner.js:165528:18)\n    at Async../node_modules/bluebird/js/release/async.js.Async._drainQueue (http://localhost:41705/__cypress/runner/cypress_runner.js:162140:16)\n    at Async../node_modules/bluebird/js/release/async.js.Async._drainQueues (http://localhost:41705/__cypress/runner/cypress_runner.js:162150:10)\n    at Async.drainQueues (http://localhost:41705/__cypress/runner/cypress_runner.js:162024:14)",
                "diff": null
              },
              "uuid": "077a1fd9-dfc8-4245-b13d-451aeae4023d",
              "parentUUID": "697026da-cd9d-47ab-902e-981b747cf2bc",
              "isHook": false,
              "skipped": false
            },
            {
              "title": "Verifica se a cor preta ainda está presente e é a primeira na sua paleta de cores",
              "fullTitle": "12 - Crie uma função para gerar as cores aleatoriamente ao carregar a página, com exceção da cor preta Verifica se a cor preta ainda está presente e é a primeira na sua paleta de cores",
              "timedOut": null,
              "duration": 4509,
              "state": "failed",
              "speed": null,
              "pass": false,
              "fail": true,
              "pending": false,
              "context": null,
              "code": "cy.get('.color').then(function (colors) {\n  var currentColors;\n  var previousColors;\n  previousColors = Array.from(colors).map(function (color) {\n    return Cypress.$(color).css('background-color');\n  });\n  expect(previousColors[0]).to.eq(BLACK);\n  for (var i = 0; i < 5; i += 1) {\n    cy.reload();\n    cy.get('.color').then(function (colors) {\n      currentColors = Array.from(colors).map(function (color) {\n        return Cypress.$(color).css('background-color');\n      });\n      expect(currentColors[0]).to.eq(BLACK);\n      expect(currentColors).not.to.deep.equal(previousColors);\n      previousColors = currentColors;\n    });\n  }\n});",
              "err": {
                "message": "CypressError: Timed out retrying: Expected to find element: '.color', but never found it.",
                "estack": "CypressError: Timed out retrying: Expected to find element: '.color', but never found it.\n    at cypressErr (http://localhost:41705/__cypress/runner/cypress_runner.js:149934:9)\n    at throwErr (http://localhost:41705/__cypress/runner/cypress_runner.js:149867:11)\n    at Object.throwErrByPath (http://localhost:41705/__cypress/runner/cypress_runner.js:149915:3)\n    at retry (http://localhost:41705/__cypress/runner/cypress_runner.js:144197:19)\n    at onFailFn (http://localhost:41705/__cypress/runner/cypress_runner.js:132448:16)\n    at tryCatcher (http://localhost:41705/__cypress/runner/cypress_runner.js:167415:23)\n    at Promise._settlePromiseFromHandler (http://localhost:41705/__cypress/runner/cypress_runner.js:165351:31)\n    at Promise._settlePromise (http://localhost:41705/__cypress/runner/cypress_runner.js:165408:18)\n    at Promise._settlePromise0 (http://localhost:41705/__cypress/runner/cypress_runner.js:165453:10)\n    at Promise._settlePromises (http://localhost:41705/__cypress/runner/cypress_runner.js:165528:18)\n    at Async../node_modules/bluebird/js/release/async.js.Async._drainQueue (http://localhost:41705/__cypress/runner/cypress_runner.js:162140:16)\n    at Async../node_modules/bluebird/js/release/async.js.Async._drainQueues (http://localhost:41705/__cypress/runner/cypress_runner.js:162150:10)\n    at Async.drainQueues (http://localhost:41705/__cypress/runner/cypress_runner.js:162024:14)",
                "diff": null
              },
              "uuid": "618f0d6c-8c56-4bb7-960b-3ab95e8c31de",
              "parentUUID": "697026da-cd9d-47ab-902e-981b747cf2bc",
              "isHook": false,
              "skipped": false
            }
          ],
          "suites": [],
          "passes": [],
          "failures": [
            "077a1fd9-dfc8-4245-b13d-451aeae4023d",
            "618f0d6c-8c56-4bb7-960b-3ab95e8c31de"
          ],
          "pending": [],
          "skipped": [],
          "duration": 9025,
          "root": false,
          "rootEmpty": false,
          "_timeout": 2000
        }
      ],
      "passes": [],
      "failures": [],
      "pending": [],
      "skipped": [],
      "duration": 0,
      "root": true,
      "rootEmpty": true,
      "_timeout": 2000
    }
  ],
  "meta": {
    "mocha": {
      "version": "7.0.1"
    },
    "mochawesome": {
      "options": {
        "quiet": false,
        "reportFilename": "mochawesome",
        "saveHtml": false,
        "saveJson": true,
        "consoleReporter": "spec",
        "useInlineDiffs": false
      },
      "version": "4.1.0"
    },
    "marge": {
      "options": {
        "id": "default",
        "reportDir": "cypress/reports",
        "overwrite": true,
        "html": false,
        "json": true
      },
      "version": "4.1.0"
    }
  }
}